# JRE version: OpenJDK Runtime Environment (8.0_202-b03) (build 1.8.0_202-release-1483-b03)
# Java VM: OpenJDK 64-Bit Server VM (25.202-b03 mixed mode windows-amd64 compressed oops)
Heap:
 PSYoungGen      total 370688K, used 82712K [0x00000000e0000000, 0x00000000fac00000, 0x0000000100000000)
  eden space 352256K, 19% used [0x00000000e0000000,0x00000000e425f270,0x00000000f5800000)
  from space 18432K, 80% used [0x00000000f5800000,0x00000000f6666f30,0x00000000f6a00000)
  to   space 20480K, 0% used [0x00000000f9800000,0x00000000f9800000,0x00000000fac00000)
 ParOldGen       total 107008K, used 43080K [0x00000000a0000000, 0x00000000a6880000, 0x00000000e0000000)
  object space 107008K, 40% used [0x00000000a0000000,0x00000000a2a121b8,0x00000000a6880000)
 Metaspace       used 59881K, capacity 61442K, committed 61784K, reserved 1103872K
  class space    used 7597K, capacity 7964K, committed 8024K, reserved 1048576K
GC Heap History (10 events):
Event: 170.534 GC heap before
{Heap before GC invocations=20 (full 3):
 PSYoungGen      total 269824K, used 9709K [0x00000000e0000000, 0x00000000f5a80000, 0x0000000100000000)
  eden space 260096K, 0% used [0x00000000e0000000,0x00000000e0000000,0x00000000efe00000)
  from space 9728K, 99% used [0x00000000efe00000,0x00000000f077b7b0,0x00000000f0780000)
  to   space 17408K, 0% used [0x00000000f4980000,0x00000000f4980000,0x00000000f5a80000)
 ParOldGen       total 62464K, used 37343K [0x00000000a0000000, 0x00000000a3d00000, 0x00000000e0000000)
  object space 62464K, 59% used [0x00000000a0000000,0x00000000a2477eb0,0x00000000a3d00000)
 Metaspace       used 57362K, capacity 58818K, committed 58968K, reserved 1099776K
  class space    used 7382K, capacity 7745K, committed 7768K, reserved 1048576K
Event: 172.351 GC heap after
Heap after GC invocations=20 (full 3):
 PSYoungGen      total 269824K, used 0K [0x00000000e0000000, 0x00000000f5a80000, 0x0000000100000000)
  eden space 260096K, 0% used [0x00000000e0000000,0x00000000e0000000,0x00000000efe00000)
  from space 9728K, 0% used [0x00000000efe00000,0x00000000efe00000,0x00000000f0780000)
  to   space 17408K, 0% used [0x00000000f4980000,0x00000000f4980000,0x00000000f5a80000)
 ParOldGen       total 107008K, used 43056K [0x00000000a0000000, 0x00000000a6880000, 0x00000000e0000000)
  object space 107008K, 40% used [0x00000000a0000000,0x00000000a2a0c1b8,0x00000000a6880000)
 Metaspace       used 57322K, capacity 58712K, committed 58968K, reserved 1099776K
  class space    used 7370K, capacity 7731K, committed 7768K, reserved 1048576K
}
Event: 180.064 GC heap before
{Heap before GC invocations=21 (full 3):
 PSYoungGen      total 269824K, used 260096K [0x00000000e0000000, 0x00000000f5a80000, 0x0000000100000000)
  eden space 260096K, 100% used [0x00000000e0000000,0x00000000efe00000,0x00000000efe00000)
  from space 9728K, 0% used [0x00000000efe00000,0x00000000efe00000,0x00000000f0780000)
  to   space 17408K, 0% used [0x00000000f4980000,0x00000000f4980000,0x00000000f5a80000)
 ParOldGen       total 107008K, used 43056K [0x00000000a0000000, 0x00000000a6880000, 0x00000000e0000000)
  object space 107008K, 40% used [0x00000000a0000000,0x00000000a2a0c1b8,0x00000000a6880000)
 Metaspace       used 59070K, capacity 60586K, committed 60760K, reserved 1101824K
  class space    used 7523K, capacity 7884K, committed 8024K, reserved 1048576K
Event: 180.091 GC heap after
Heap after GC invocations=21 (full 3):
 PSYoungGen      total 310272K, used 3775K [0x00000000e0000000, 0x00000000f4d80000, 0x0000000100000000)
  eden space 306176K, 0% used [0x00000000e0000000,0x00000000e0000000,0x00000000f2b00000)
  from space 4096K, 92% used [0x00000000f4980000,0x00000000f4d2fef8,0x00000000f4d80000)
  to   space 16896K, 0% used [0x00000000f2c80000,0x00000000f2c80000,0x00000000f3d00000)
 ParOldGen       total 107008K, used 43064K [0x00000000a0000000, 0x00000000a6880000, 0x00000000e0000000)
  object space 107008K, 40% used [0x00000000a0000000,0x00000000a2a0e1b8,0x00000000a6880000)
 Metaspace       used 59070K, capacity 60586K, committed 60760K, reserved 1101824K
  class space    used 7523K, capacity 7884K, committed 8024K, reserved 1048576K
}
Event: 193.342 GC heap before
{Heap before GC invocations=22 (full 3):
 PSYoungGen      total 310272K, used 309951K [0x00000000e0000000, 0x00000000f4d80000, 0x0000000100000000)
  eden space 306176K, 100% used [0x00000000e0000000,0x00000000f2b00000,0x00000000f2b00000)
  from space 4096K, 92% used [0x00000000f4980000,0x00000000f4d2fef8,0x00000000f4d80000)
  to   space 16896K, 0% used [0x00000000f2c80000,0x00000000f2c80000,0x00000000f3d00000)
 ParOldGen       total 107008K, used 43064K [0x00000000a0000000, 0x00000000a6880000, 0x00000000e0000000)
  object space 107008K, 40% used [0x00000000a0000000,0x00000000a2a0e1b8,0x00000000a6880000)
 Metaspace       used 59804K, capacity 61314K, committed 61528K, reserved 1103872K
  class space    used 7596K, capacity 7964K, committed 8024K, reserved 1048576K
Event: 193.361 GC heap after
Heap after GC invocations=22 (full 3):
 PSYoungGen      total 324608K, used 2776K [0x00000000e0000000, 0x00000000f7a80000, 0x0000000100000000)
  eden space 307712K, 0% used [0x00000000e0000000,0x00000000e0000000,0x00000000f2c80000)
  from space 16896K, 16% used [0x00000000f2c80000,0x00000000f2f36038,0x00000000f3d00000)
  to   space 16896K, 0% used [0x00000000f6a00000,0x00000000f6a00000,0x00000000f7a80000)
 ParOldGen       total 107008K, used 43072K [0x00000000a0000000, 0x00000000a6880000, 0x00000000e0000000)
  object space 107008K, 40% used [0x00000000a0000000,0x00000000a2a101b8,0x00000000a6880000)
 Metaspace       used 59804K, capacity 61314K, committed 61528K, reserved 1103872K
  class space    used 7596K, capacity 7964K, committed 8024K, reserved 1048576K
}
Event: 208.915 GC heap before
{Heap before GC invocations=23 (full 3):
 PSYoungGen      total 324608K, used 310488K [0x00000000e0000000, 0x00000000f7a80000, 0x0000000100000000)
  eden space 307712K, 100% used [0x00000000e0000000,0x00000000f2c80000,0x00000000f2c80000)
  from space 16896K, 16% used [0x00000000f2c80000,0x00000000f2f36038,0x00000000f3d00000)
  to   space 16896K, 0% used [0x00000000f6a00000,0x00000000f6a00000,0x00000000f7a80000)
 ParOldGen       total 107008K, used 43072K [0x00000000a0000000, 0x00000000a6880000, 0x00000000e0000000)
  object space 107008K, 40% used [0x00000000a0000000,0x00000000a2a101b8,0x00000000a6880000)
 Metaspace       used 59874K, capacity 61442K, committed 61784K, reserved 1103872K
  class space    used 7596K, capacity 7964K, committed 8024K, reserved 1048576K
Event: 208.973 GC heap after
Heap after GC invocations=23 (full 3):
 PSYoungGen      total 369152K, used 14483K [0x00000000e0000000, 0x00000000f7c80000, 0x0000000100000000)
  eden space 352256K, 0% used [0x00000000e0000000,0x00000000e0000000,0x00000000f5800000)
  from space 16896K, 85% used [0x00000000f6a00000,0x00000000f7824e10,0x00000000f7a80000)
  to   space 18432K, 0% used [0x00000000f5800000,0x00000000f5800000,0x00000000f6a00000)
 ParOldGen       total 107008K, used 43080K [0x00000000a0000000, 0x00000000a6880000, 0x00000000e0000000)
  object space 107008K, 40% used [0x00000000a0000000,0x00000000a2a121b8,0x00000000a6880000)
 Metaspace       used 59874K, capacity 61442K, committed 61784K, reserved 1103872K
  class space    used 7596K, capacity 7964K, committed 8024K, reserved 1048576K
}
Event: 239.836 GC heap before
{Heap before GC invocations=24 (full 3):
 PSYoungGen      total 369152K, used 366739K [0x00000000e0000000, 0x00000000f7c80000, 0x0000000100000000)
  eden space 352256K, 100% used [0x00000000e0000000,0x00000000f5800000,0x00000000f5800000)
  from space 16896K, 85% used [0x00000000f6a00000,0x00000000f7824e10,0x00000000f7a80000)
  to   space 18432K, 0% used [0x00000000f5800000,0x00000000f5800000,0x00000000f6a00000)
 ParOldGen       total 107008K, used 43080K [0x00000000a0000000, 0x00000000a6880000, 0x00000000e0000000)
  object space 107008K, 40% used [0x00000000a0000000,0x00000000a2a121b8,0x00000000a6880000)
 Metaspace       used 59875K, capacity 61442K, committed 61784K, reserved 1103872K
  class space    used 7596K, capacity 7964K, committed 8024K, reserved 1048576K
Event: 239.877 GC heap after
Heap after GC invocations=24 (full 3):
 PSYoungGen      total 370688K, used 14747K [0x00000000e0000000, 0x00000000fac00000, 0x0000000100000000)
  eden space 352256K, 0% used [0x00000000e0000000,0x00000000e0000000,0x00000000f5800000)
  from space 18432K, 80% used [0x00000000f5800000,0x00000000f6666f30,0x00000000f6a00000)
  to   space 20480K, 0% used [0x00000000f9800000,0x00000000f9800000,0x00000000fac00000)
 ParOldGen       total 107008K, used 43080K [0x00000000a0000000, 0x00000000a6880000, 0x00000000e0000000)
  object space 107008K, 40% used [0x00000000a0000000,0x00000000a2a121b8,0x00000000a6880000)
 Metaspace       used 59875K, capacity 61442K, committed 61784K, reserved 1103872K
  class space    used 7596K, capacity 7964K, committed 8024K, reserved 1048576K
}

